Arguments: 
  /home/marc/.nvm/versions/node/v14.15.5/bin/node /usr/share/yarn/bin/yarn.js init

PATH: 
  /home/marc/.local/bin:/home/marc/.nvm/versions/node/v14.15.5/bin:/home/marc/.cargo/bin:/home/marc/.local/bin:/home/marc/.rvm/gems/ruby-2.6.3/bin:/home/marc/.rvm/gems/ruby-2.6.3@global/bin:/usr/share/rvm/rubies/ruby-2.6.3/bin:/usr/local/sbin:/usr/local/bin:/usr/sbin:/usr/bin:/sbin:/bin:/usr/games:/usr/local/games:/usr/share/rvm/scripts/rvm:/snap/bin:/usr/share/rvm/bin:/usr/share/rvm/scripts/rvm:/home/marc/.yarn/bin:/usr/local/go/bin:/usr/local/kafka/bin:/home/marc/go/bin

Yarn version: 
  1.22.5

Node version: 
  14.15.5

Platform: 
  linux x64

Trace: 
  Error: canceled
      at Interface.<anonymous> (/usr/share/yarn/lib/cli.js:137009:13)
      at Interface.emit (events.js:315:20)
      at Interface._ttyWrite (readline.js:875:16)
      at ReadStream.onkeypress (readline.js:213:10)
      at ReadStream.emit (events.js:315:20)
      at emitKeys (internal/readline/utils.js:345:14)
      at emitKeys.next (<anonymous>)
      at ReadStream.onData (readline.js:1144:36)
      at ReadStream.emit (events.js:315:20)
      at addChunk (internal/streams/readable.js:309:12)

npm manifest: 
  No manifest

yarn manifest: 
  No manifest

Lockfile: 
  No lockfile
